2018-11-18-main-INFO -com.cg.hbms.dao.HotelDaoImpl:Error
2018-11-18-main-INFO -com.cg.hbms.dao.HotelDaoImpl:Inside getRegistered Method
2018-11-18-main-INFO -com.cg.hbms.dao.HotelDaoImpl:Inside getRegistered Method
2018-11-18-main-INFO -com.cg.hbms.dao.HotelDaoImpl:Inside getRegistered Method
2018-11-18-main-INFO -com.cg.hbms.dao.HotelDaoImpl:Inside getRegistered Method
2018-11-18-main-INFO -com.cg.hbms.dao.HotelDaoImpl:Inside getRegistered Method
2018-11-18-main-INFO -com.cg.hbms.dao.HotelDaoImpl:Inside getRegistered Method
2018-11-18-main-INFO -com.cg.hbms.dao.HotelDaoImpl:Inside getRole Method
2018-11-18-main-INFO -com.cg.hbms.dao.HotelDaoImpl:Inside getRole Method
2018-11-18-main-INFO -com.cg.hbms.dao.HotelDaoImpl:Inside getUserId Method
2018-11-18-main-INFO -com.cg.hbms.dao.HotelDaoImpl:Inside getRegistered Method
2018-11-18-main-INFO -com.cg.hbms.dao.HotelDaoImpl:Inside getRegistered Method
2018-11-18-main-INFO -com.cg.hbms.dao.HotelDaoImpl:Inside getUserId Method
2018-11-18-main-INFO -com.cg.hbms.dao.HotelDaoImpl:Inside getRole Method
2018-11-18-main-INFO -com.cg.hbms.dao.HotelDaoImpl:Inside getRegistered Method
2018-11-18-main-INFO -com.cg.hbms.dao.HotelDaoImpl:Inside addHotelDetails Method
2018-11-18-main-INFO -com.cg.hbms.dao.HotelDaoImpl:Inside getRole Method
2018-11-18-main-INFO -com.cg.hbms.dao.HotelDaoImpl:Inside getUserId Method
2018-11-18-main-INFO -com.cg.hbms.dao.HotelDaoImpl:Inside getRegistered Method
2018-11-18-main-INFO -com.cg.hbms.dao.HotelDaoImpl:Inside addHotelDetails Method
2018-11-18-main-INFO -com.cg.hbms.dao.HotelDaoImpl:Inside getUserId Method
2018-11-18-main-INFO -com.cg.hbms.dao.HotelDaoImpl:Inside getRole Method
2018-11-18-main-INFO -com.cg.hbms.dao.HotelDaoImpl:Inside getUserId Method
2018-11-18-main-INFO -com.cg.hbms.dao.HotelDaoImpl:Inside getRole Method
2018-11-18-main-INFO -com.cg.hbms.dao.HotelDaoImpl:Inside getRegistered Method
2018-11-18-main-INFO -com.cg.hbms.dao.HotelDaoImpl:Inside getHotelDetails Method
2018-11-18-main-INFO -com.cg.hbms.dao.HotelDaoImpl:Inside addHotelDetails Method
2018-11-18-main-INFO -com.cg.hbms.dao.HotelDaoImpl:Inside getRegistered Method
2018-11-18-main-INFO -com.cg.hbms.dao.HotelDaoImpl:Inside addHotelDetails Method
2018-11-18-main-INFO -com.cg.hbms.dao.HotelDaoImpl:Inside getHotelDetails Method
2018-11-18-main-INFO -com.cg.hbms.dao.HotelDaoImpl:Inside getRole Method
2018-11-18-main-INFO -com.cg.hbms.dao.HotelDaoImpl:Inside getUserId Method
2018-11-18-main-INFO -com.cg.hbms.dao.HotelDaoImpl:Inside deleteById Method
2018-11-18-main-INFO -com.cg.hbms.dao.HotelDaoImpl:Inside getRegistered Method
2018-11-18-main-INFO -com.cg.hbms.dao.HotelDaoImpl:Inside addHotelDetails Method
2018-11-18-main-INFO -com.cg.hbms.dao.HotelDaoImpl:Inside getHotelDetails Method
2018-11-18-main-INFO -com.cg.hbms.dao.HotelDaoImpl:Inside getRole Method
2018-11-18-main-INFO -com.cg.hbms.dao.HotelDaoImpl:Inside getUserId Method
2018-11-18-main-INFO -com.cg.hbms.dao.HotelDaoImpl:Inside deleteById Method
2018-11-18-main-INFO -com.cg.hbms.dao.HotelDaoImpl:Inside getRegistered Method
2018-11-18-main-INFO -com.cg.hbms.dao.HotelDaoImpl:Inside addRoomDetails Method
2018-11-18-main-INFO -com.cg.hbms.dao.HotelDaoImpl:Inside addHotelDetails Method
2018-11-18-main-INFO -com.cg.hbms.dao.HotelDaoImpl:Inside getHotelDetails Method
2018-11-18-main-INFO -com.cg.hbms.dao.HotelDaoImpl:Inside getRole Method
2018-11-18-main-INFO -com.cg.hbms.dao.HotelDaoImpl:Inside getUserId Method
2018-11-18-main-INFO -com.cg.hbms.dao.HotelDaoImpl:Inside modifyById Method
2018-11-18-main-INFO -com.cg.hbms.dao.HotelDaoImpl:Inside deleteById Method
2018-11-18-main-INFO -com.cg.hbms.dao.HotelDaoImpl:Inside getRegistered Method
2018-11-18-main-INFO -com.cg.hbms.dao.HotelDaoImpl:Inside addRoomDetails Method
2018-11-18-main-INFO -com.cg.hbms.dao.HotelDaoImpl:Inside getHotelDetails Method
2018-11-18-main-INFO -com.cg.hbms.dao.HotelDaoImpl:Inside addHotelDetails Method
2018-11-18-main-INFO -com.cg.hbms.dao.HotelDaoImpl:Inside getUserId Method
2018-11-18-main-INFO -com.cg.hbms.dao.HotelDaoImpl:Inside getRole Method
2018-11-18-main-INFO -com.cg.hbms.dao.HotelDaoImpl:Inside deleteById Method
2018-11-18-main-INFO -com.cg.hbms.dao.HotelDaoImpl:Inside modifyById Method
2018-11-18-main-INFO -com.cg.hbms.dao.HotelDaoImpl:Inside getRole Method
2018-11-18-main-INFO -com.cg.hbms.dao.HotelDaoImpl:Inside getUserId Method
2018-11-18-main-INFO -com.cg.hbms.dao.HotelDaoImpl:Inside getRegistered Method
2018-11-18-main-INFO -com.cg.hbms.dao.HotelDaoImpl:Inside getHotelDetails Method
2018-11-18-main-INFO -com.cg.hbms.dao.HotelDaoImpl:Inside addRoomDetails Method
2018-11-18-main-INFO -com.cg.hbms.dao.HotelDaoImpl:Inside addHotelDetails Method
2018-11-18-main-INFO -com.cg.hbms.dao.HotelDaoImpl:Inside modifyById Method
2018-11-18-main-INFO -com.cg.hbms.dao.HotelDaoImpl:Inside deleteById Method
2018-11-18-main-INFO -com.cg.hbms.dao.HotelDaoImpl:Inside getUserId Method
2018-11-18-main-INFO -com.cg.hbms.dao.HotelDaoImpl:Inside getRole Method
2018-11-18-main-INFO -com.cg.hbms.dao.HotelDaoImpl:Inside getRegistered Method
2018-11-18-main-INFO -com.cg.hbms.dao.HotelDaoImpl:Inside getHotelDetails Method
2018-11-18-main-INFO -com.cg.hbms.dao.HotelDaoImpl:Inside addRoomDetails Method
2018-11-18-main-INFO -com.cg.hbms.dao.HotelDaoImpl:Inside getRoomDetails Method
2018-11-18-main-INFO -com.cg.hbms.dao.HotelDaoImpl:Inside deleteRoomById Method
2018-11-18-main-INFO -com.cg.hbms.dao.HotelDaoImpl:Inside addHotelDetails Method
2018-11-18-main-INFO -com.cg.hbms.dao.HotelDaoImpl:Inside modifyById Method
2018-11-18-main-INFO -com.cg.hbms.dao.HotelDaoImpl:Inside deleteById Method
2018-11-18-main-INFO -com.cg.hbms.dao.HotelDaoImpl:Inside getUserId Method
2018-11-18-main-INFO -com.cg.hbms.dao.HotelDaoImpl:Inside getRole Method
2018-11-18-main-INFO -com.cg.hbms.dao.HotelDaoImpl:Inside deleteRoomById Method
2018-11-18-main-INFO -com.cg.hbms.dao.HotelDaoImpl:Inside addHotelDetails Method
2018-11-18-main-INFO -com.cg.hbms.dao.HotelDaoImpl:Inside addRoomDetails Method
2018-11-18-main-INFO -com.cg.hbms.dao.HotelDaoImpl:Inside getRegistered Method
2018-11-18-main-INFO -com.cg.hbms.dao.HotelDaoImpl:Inside getRoomDetails Method
2018-11-18-main-INFO -com.cg.hbms.dao.HotelDaoImpl:Inside getHotelDetails Method
2018-11-18-main-INFO -com.cg.hbms.dao.HotelDaoImpl:Inside modifyById Method
2018-11-18-main-INFO -com.cg.hbms.dao.HotelDaoImpl:Inside deleteById Method
2018-11-18-main-INFO -com.cg.hbms.dao.HotelDaoImpl:Inside getRegistered Method
2018-11-18-main-INFO -com.cg.hbms.dao.HotelDaoImpl:Inside getHotelDetails Method
2018-11-18-main-INFO -com.cg.hbms.dao.HotelDaoImpl:Inside addHotelDetails Method
2018-11-18-main-INFO -com.cg.hbms.dao.HotelDaoImpl:Inside deleteRoomById Method
2018-11-18-main-INFO -com.cg.hbms.dao.HotelDaoImpl:Inside getRoomDetails Method
2018-11-18-main-INFO -com.cg.hbms.dao.HotelDaoImpl:Inside addRoomDetails Method
2018-11-18-main-INFO -com.cg.hbms.dao.HotelDaoImpl:Inside getRole Method
2018-11-18-main-INFO -com.cg.hbms.dao.HotelDaoImpl:Inside deleteById Method
2018-11-18-main-INFO -com.cg.hbms.dao.HotelDaoImpl:Inside modifyById Method
2018-11-18-main-INFO -com.cg.hbms.dao.HotelDaoImpl:Inside getUserId Method
2018-11-18-main-INFO -com.cg.hbms.dao.HotelDaoImpl:Inside getUserId Method
2018-11-18-main-INFO -com.cg.hbms.dao.HotelDaoImpl:Inside getRole Method
2018-11-18-main-INFO -com.cg.hbms.dao.HotelDaoImpl:Inside getRegistered Method
2018-11-18-main-INFO -com.cg.hbms.dao.HotelDaoImpl:Inside getHotelDetails Method
2018-11-18-main-INFO -com.cg.hbms.dao.HotelDaoImpl:Inside deleteRoomById Method
2018-11-18-main-INFO -com.cg.hbms.dao.HotelDaoImpl:Inside addHotelDetails Method
2018-11-18-main-INFO -com.cg.hbms.dao.HotelDaoImpl:Inside getRoomDetails Method
2018-11-18-main-INFO -com.cg.hbms.dao.HotelDaoImpl:Inside getRoomDetails Method
2018-11-18-main-INFO -com.cg.hbms.dao.HotelDaoImpl:Inside addRoomDetails Method
2018-11-18-main-INFO -com.cg.hbms.dao.HotelDaoImpl:Inside deleteById Method
2018-11-18-main-INFO -com.cg.hbms.dao.HotelDaoImpl:Inside getAllHotels Method
2018-11-18-main-INFO -com.cg.hbms.dao.HotelDaoImpl:Inside modifyById Method
2018-11-18-main-INFO -com.cg.hbms.dao.HotelDaoImpl:Inside modifyById Method
2018-11-18-main-INFO -com.cg.hbms.dao.HotelDaoImpl:Inside getAllHotels Method
2018-11-18-main-INFO -com.cg.hbms.dao.HotelDaoImpl:Inside deleteById Method
2018-11-18-main-INFO -com.cg.hbms.dao.HotelDaoImpl:Inside getUserId Method
2018-11-18-main-INFO -com.cg.hbms.dao.HotelDaoImpl:Inside getRole Method
2018-11-18-main-INFO -com.cg.hbms.dao.HotelDaoImpl:Inside getRegistered Method
2018-11-18-main-INFO -com.cg.hbms.dao.HotelDaoImpl:Inside getRoomDetails Method
2018-11-18-main-INFO -com.cg.hbms.dao.HotelDaoImpl:Inside deleteRoomById Method
2018-11-18-main-INFO -com.cg.hbms.dao.HotelDaoImpl:Inside addRoomDetails Method
2018-11-18-main-INFO -com.cg.hbms.dao.HotelDaoImpl:Inside getHotelDetails Method
2018-11-18-main-INFO -com.cg.hbms.dao.HotelDaoImpl:Inside getRoomDetails Method
2018-11-18-main-INFO -com.cg.hbms.dao.HotelDaoImpl:Inside addBookingDetails Method
2018-11-18-main-INFO -com.cg.hbms.dao.HotelDaoImpl:Inside addHotelDetails Method
2018-11-18-main-INFO -com.cg.hbms.dao.HotelDaoImpl:Inside getRegistered Method
2018-11-18-main-INFO -com.cg.hbms.dao.HotelDaoImpl:Inside getHotelDetails Method
2018-11-18-main-INFO -com.cg.hbms.dao.HotelDaoImpl:Inside getRoomDetails Method
2018-11-18-main-INFO -com.cg.hbms.dao.HotelDaoImpl:Inside addRoomDetails Method
2018-11-18-main-INFO -com.cg.hbms.dao.HotelDaoImpl:Inside deleteRoomById Method
2018-11-18-main-INFO -com.cg.hbms.dao.HotelDaoImpl:Inside getRoomDetails Method
2018-11-18-main-INFO -com.cg.hbms.dao.HotelDaoImpl:Inside addBookingDetails Method
2018-11-18-main-INFO -com.cg.hbms.dao.HotelDaoImpl:Inside addHotelDetails Method
2018-11-18-main-INFO -com.cg.hbms.dao.HotelDaoImpl:Inside getRole Method
2018-11-18-main-INFO -com.cg.hbms.dao.HotelDaoImpl:Inside getUserId Method
2018-11-18-main-INFO -com.cg.hbms.dao.HotelDaoImpl:Inside deleteById Method
2018-11-18-main-INFO -com.cg.hbms.dao.HotelDaoImpl:Inside getAllHotels Method
2018-11-18-main-INFO -com.cg.hbms.dao.HotelDaoImpl:Inside modifyById Method
2018-11-18-main-INFO -com.cg.hbms.dao.HotelDaoImpl:Inside getHotelDetails Method
2018-11-18-main-INFO -com.cg.hbms.dao.HotelDaoImpl:Inside addRoomDetails Method
2018-11-18-main-INFO -com.cg.hbms.dao.HotelDaoImpl:Inside getRoomDetails Method
2018-11-18-main-INFO -com.cg.hbms.dao.HotelDaoImpl:Inside deleteRoomById Method
2018-11-18-main-INFO -com.cg.hbms.dao.HotelDaoImpl:Inside getRoomDetails Method
2018-11-18-main-INFO -com.cg.hbms.dao.HotelDaoImpl:Inside addBookingDetails Method
2018-11-18-main-INFO -com.cg.hbms.dao.HotelDaoImpl:Inside getRegistered Method
2018-11-18-main-INFO -com.cg.hbms.dao.HotelDaoImpl:Inside addHotelDetails Method
2018-11-18-main-INFO -com.cg.hbms.dao.HotelDaoImpl:Inside getRole Method
2018-11-18-main-INFO -com.cg.hbms.dao.HotelDaoImpl:Inside getUserId Method
2018-11-18-main-INFO -com.cg.hbms.dao.HotelDaoImpl:Inside modifyById Method
2018-11-18-main-INFO -com.cg.hbms.dao.HotelDaoImpl:Inside deleteById Method
2018-11-18-main-INFO -com.cg.hbms.dao.HotelDaoImpl:Inside getAllHotels Method
2018-11-18-main-INFO -com.cg.hbms.dao.HotelDaoImpl:Inside getRegistered Method
2018-11-18-main-INFO -com.cg.hbms.dao.HotelDaoImpl:Inside addBookingDetails Method
2018-11-18-main-INFO -com.cg.hbms.dao.HotelDaoImpl:Inside addRoomDetails Method
2018-11-18-main-INFO -com.cg.hbms.dao.HotelDaoImpl:Inside addHotelDetails Method
2018-11-18-main-INFO -com.cg.hbms.dao.HotelDaoImpl:Inside getRoomDetails Method
2018-11-18-main-INFO -com.cg.hbms.dao.HotelDaoImpl:Inside deleteRoomById Method
2018-11-18-main-INFO -com.cg.hbms.dao.HotelDaoImpl:Inside getRoomDetails Method
2018-11-18-main-INFO -com.cg.hbms.dao.HotelDaoImpl:Inside getHotelDetails Method
2018-11-18-main-INFO -com.cg.hbms.dao.HotelDaoImpl:Inside getAllHotels Method
2018-11-18-main-INFO -com.cg.hbms.dao.HotelDaoImpl:Inside deleteById Method
2018-11-18-main-INFO -com.cg.hbms.dao.HotelDaoImpl:Inside modifyById Method
2018-11-18-main-INFO -com.cg.hbms.dao.HotelDaoImpl:Inside getRole Method
2018-11-18-main-INFO -com.cg.hbms.dao.HotelDaoImpl:Inside getUserId Method
2018-11-18-main-INFO -com.cg.hbms.dao.HotelDaoImpl:Inside getAllHotelsByCity Method
2018-11-18-main-INFO -com.cg.hbms.dao.HotelDaoImpl:Inside getBookingStatus Method
2018-11-18-main-INFO -com.cg.hbms.dao.HotelDaoImpl:Inside getBookingDetails Method
2018-11-18-main-INFO -com.cg.hbms.dao.HotelDaoImpl:Inside getRoomDetails Method
2018-11-18-main-INFO -com.cg.hbms.dao.HotelDaoImpl:Inside addHotelDetails Method
2018-11-18-main-INFO -com.cg.hbms.dao.HotelDaoImpl:Inside addRoomDetails Method
2018-11-18-main-INFO -com.cg.hbms.dao.HotelDaoImpl:Inside deleteRoomById Method
2018-11-18-main-INFO -com.cg.hbms.dao.HotelDaoImpl:Inside getRoomDetails Method
2018-11-18-main-INFO -com.cg.hbms.dao.HotelDaoImpl:Inside addBookingDetails Method
2018-11-18-main-INFO -com.cg.hbms.dao.HotelDaoImpl:Inside getRegistered Method
2018-11-18-main-INFO -com.cg.hbms.dao.HotelDaoImpl:Inside getHotelDetails Method
2018-11-18-main-INFO -com.cg.hbms.dao.HotelDaoImpl:Inside getBookingList Method
2018-11-18-main-INFO -com.cg.hbms.dao.HotelDaoImpl:Inside changeRoomAvailability Method
2018-11-18-main-INFO -com.cg.hbms.dao.HotelDaoImpl:Inside getRole Method
2018-11-18-main-INFO -com.cg.hbms.dao.HotelDaoImpl:Inside getUserId Method
2018-11-18-main-INFO -com.cg.hbms.dao.HotelDaoImpl:Inside modifyById Method
2018-11-18-main-INFO -com.cg.hbms.dao.HotelDaoImpl:Inside getAllHotels Method
2018-11-18-main-INFO -com.cg.hbms.dao.HotelDaoImpl:Inside deleteById Method
2018-11-18-main-INFO -com.cg.hbms.dao.HotelDaoImpl:Inside getGuestList Method
2018-11-18-main-INFO -com.cg.hbms.dao.HotelDaoImpl:Inside changeStatus Method
2018-11-18-main-INFO -com.cg.hbms.dao.HotelDaoImpl:Inside getRole Method
2018-11-18-main-INFO -com.cg.hbms.dao.HotelDaoImpl:Inside getUserId Method
2018-11-18-main-INFO -com.cg.hbms.dao.HotelDaoImpl:Inside getRegistered Method
2018-11-18-main-INFO -com.cg.hbms.dao.HotelDaoImpl:Inside addHotelDetails Method
2018-11-18-main-INFO -com.cg.hbms.dao.HotelDaoImpl:Inside getAllHotelsByCity Method
2018-11-18-main-INFO -com.cg.hbms.dao.HotelDaoImpl:Inside getBookingStatus Method
2018-11-18-main-INFO -com.cg.hbms.dao.HotelDaoImpl:Inside getBookingDetails Method
2018-11-18-main-INFO -com.cg.hbms.dao.HotelDaoImpl:Inside getRoomDetails Method
2018-11-18-main-INFO -com.cg.hbms.dao.HotelDaoImpl:Inside deleteRoomById Method
2018-11-18-main-INFO -com.cg.hbms.dao.HotelDaoImpl:Inside addBookingDetails Method
2018-11-18-main-INFO -com.cg.hbms.dao.HotelDaoImpl:Inside getHotelDetails Method
2018-11-18-main-INFO -com.cg.hbms.dao.HotelDaoImpl:Inside addRoomDetails Method
2018-11-18-main-INFO -com.cg.hbms.dao.HotelDaoImpl:Inside getRoomDetails Method
2018-11-18-main-INFO -com.cg.hbms.dao.HotelDaoImpl:Inside changeRoomAvailability Method
2018-11-18-main-INFO -com.cg.hbms.dao.HotelDaoImpl:Inside getBookingList Method
2018-11-18-main-INFO -com.cg.hbms.dao.HotelDaoImpl:Inside modifyById Method
2018-11-18-main-INFO -com.cg.hbms.dao.HotelDaoImpl:Inside getGuestList Method
2018-11-18-main-INFO -com.cg.hbms.dao.HotelDaoImpl:Inside deleteById Method
2018-11-18-main-INFO -com.cg.hbms.dao.HotelDaoImpl:Inside changeStatus Method
2018-11-18-main-INFO -com.cg.hbms.dao.HotelDaoImpl:Inside getAllHotels Method
2018-11-18-main-INFO -com.cg.hbms.dao.HotelDaoImpl:Inside getBookingList Method
2018-11-18-main-INFO -com.cg.hbms.dao.HotelDaoImpl:Inside changeRoomAvailability Method
2018-11-18-main-INFO -com.cg.hbms.dao.HotelDaoImpl:Inside getRegistered Method
2018-11-18-main-INFO -com.cg.hbms.dao.HotelDaoImpl:Inside addRoomDetails Method
2018-11-18-main-INFO -com.cg.hbms.dao.HotelDaoImpl:Inside deleteRoomById Method
2018-11-18-main-INFO -com.cg.hbms.dao.HotelDaoImpl:Inside addHotelDetails Method
2018-11-18-main-INFO -com.cg.hbms.dao.HotelDaoImpl:Inside getHotelDetails Method
2018-11-18-main-INFO -com.cg.hbms.dao.HotelDaoImpl:Inside getRoomDetails Method
2018-11-18-main-INFO -com.cg.hbms.dao.HotelDaoImpl:Inside getRoomDetails Method
2018-11-18-main-INFO -com.cg.hbms.dao.HotelDaoImpl:Inside addBookingDetails Method
2018-11-18-main-INFO -com.cg.hbms.dao.HotelDaoImpl:Inside getAllHotelsByCity Method
2018-11-18-main-INFO -com.cg.hbms.dao.HotelDaoImpl:Inside getBookingStatus Method
2018-11-18-main-INFO -com.cg.hbms.dao.HotelDaoImpl:Inside getBookingDetails Method
2018-11-18-main-INFO -com.cg.hbms.dao.HotelDaoImpl:Inside getUserId Method
2018-11-18-main-INFO -com.cg.hbms.dao.HotelDaoImpl:Inside getRole Method
2018-11-18-main-INFO -com.cg.hbms.dao.HotelDaoImpl:Inside deleteById Method
2018-11-18-main-INFO -com.cg.hbms.dao.HotelDaoImpl:Inside getAllHotels Method
2018-11-18-main-INFO -com.cg.hbms.dao.HotelDaoImpl:Inside modifyById Method
2018-11-18-main-INFO -com.cg.hbms.dao.HotelDaoImpl:Inside getGuestList Method
2018-11-18-main-INFO -com.cg.hbms.dao.HotelDaoImpl:Inside changeStatus Method
2018-11-18-main-INFO -com.cg.hbms.dao.HotelDaoImpl:Inside getRegistered Method
2018-11-18-main-INFO -com.cg.hbms.dao.HotelDaoImpl:Inside deleteRoomById Method
2018-11-18-main-INFO -com.cg.hbms.dao.HotelDaoImpl:Inside getAllHotelsByCity Method
2018-11-18-main-INFO -com.cg.hbms.dao.HotelDaoImpl:Inside getRoomDetails Method
2018-11-18-main-INFO -com.cg.hbms.dao.HotelDaoImpl:Inside addRoomDetails Method
2018-11-18-main-INFO -com.cg.hbms.dao.HotelDaoImpl:Inside getBookingStatus Method
2018-11-18-main-INFO -com.cg.hbms.dao.HotelDaoImpl:Inside getBookingDetails Method
2018-11-18-main-INFO -com.cg.hbms.dao.HotelDaoImpl:Inside getHotelDetails Method
2018-11-18-main-INFO -com.cg.hbms.dao.HotelDaoImpl:Inside getRoomDetails Method
2018-11-18-main-INFO -com.cg.hbms.dao.HotelDaoImpl:Inside addHotelDetails Method
2018-11-18-main-INFO -com.cg.hbms.dao.HotelDaoImpl:Inside addBookingDetails Method
2018-11-18-main-INFO -com.cg.hbms.dao.HotelDaoImpl:Inside getBookingList Method
2018-11-18-main-INFO -com.cg.hbms.dao.HotelDaoImpl:Inside changeRoomAvailability Method
2018-11-18-main-INFO -com.cg.hbms.dao.HotelDaoImpl:Inside getUserId Method
2018-11-18-main-INFO -com.cg.hbms.dao.HotelDaoImpl:Inside getRole Method
2018-11-18-main-INFO -com.cg.hbms.dao.HotelDaoImpl:Inside modifyById Method
2018-11-18-main-INFO -com.cg.hbms.dao.HotelDaoImpl:Inside changeStatus Method
2018-11-18-main-INFO -com.cg.hbms.dao.HotelDaoImpl:Inside getAllHotels Method
2018-11-18-main-INFO -com.cg.hbms.dao.HotelDaoImpl:Inside getGuestList Method
2018-11-18-main-INFO -com.cg.hbms.dao.HotelDaoImpl:Inside deleteById Method
2018-11-18-main-INFO -com.cg.hbms.dao.HotelDaoImpl:Inside getBookingList Method
2018-11-18-main-INFO -com.cg.hbms.dao.HotelDaoImpl:Inside changeRoomAvailability Method
2018-11-18-main-INFO -com.cg.hbms.dao.HotelDaoImpl:Inside getRegistered Method
2018-11-18-main-INFO -com.cg.hbms.dao.HotelDaoImpl:Inside deleteRoomById Method
2018-11-18-main-INFO -com.cg.hbms.dao.HotelDaoImpl:Inside getHotelDetails Method
2018-11-18-main-INFO -com.cg.hbms.dao.HotelDaoImpl:Inside getRoomDetails Method
2018-11-18-main-INFO -com.cg.hbms.dao.HotelDaoImpl:Inside addRoomDetails Method
2018-11-18-main-INFO -com.cg.hbms.dao.HotelDaoImpl:Inside addBookingDetails Method
2018-11-18-main-INFO -com.cg.hbms.dao.HotelDaoImpl:Inside getBookingDetails Method
2018-11-18-main-INFO -com.cg.hbms.dao.HotelDaoImpl:Inside getBookingStatus Method
2018-11-18-main-INFO -com.cg.hbms.dao.HotelDaoImpl:Inside getAllHotelsByCity Method
2018-11-18-main-INFO -com.cg.hbms.dao.HotelDaoImpl:Inside getRoomDetails Method
2018-11-18-main-INFO -com.cg.hbms.dao.HotelDaoImpl:Inside addHotelDetails Method
2018-11-18-main-INFO -com.cg.hbms.dao.HotelDaoImpl:Inside getUserId Method
2018-11-18-main-INFO -com.cg.hbms.dao.HotelDaoImpl:Inside getRole Method
2018-11-18-main-INFO -com.cg.hbms.dao.HotelDaoImpl:Inside modifyById Method
2018-11-18-main-INFO -com.cg.hbms.dao.HotelDaoImpl:Inside changeStatus Method
2018-11-18-main-INFO -com.cg.hbms.dao.HotelDaoImpl:Inside getGuestList Method
2018-11-18-main-INFO -com.cg.hbms.dao.HotelDaoImpl:Inside deleteById Method
2018-11-18-main-INFO -com.cg.hbms.dao.HotelDaoImpl:Inside getAllHotels Method
2018-11-18-main-INFO -com.cg.hbms.dao.HotelDaoImpl:Inside getRole Method
2018-11-18-main-INFO -com.cg.hbms.dao.HotelDaoImpl:Inside getUserId Method
2018-11-18-main-INFO -com.cg.hbms.dao.HotelDaoImpl:Inside deleteRoomById Method
2018-11-18-main-INFO -com.cg.hbms.dao.HotelDaoImpl:Inside addBookingDetails Method
2018-11-18-main-INFO -com.cg.hbms.dao.HotelDaoImpl:Inside addRoomDetails Method
2018-11-18-main-INFO -com.cg.hbms.dao.HotelDaoImpl:Inside getRoomDetails Method
2018-11-18-main-INFO -com.cg.hbms.dao.HotelDaoImpl:Inside addHotelDetails Method
2018-11-18-main-INFO -com.cg.hbms.dao.HotelDaoImpl:Inside getHotelDetails Method
2018-11-18-main-INFO -com.cg.hbms.dao.HotelDaoImpl:Inside getRoomDetails Method
2018-11-18-main-INFO -com.cg.hbms.dao.HotelDaoImpl:Inside getAllHotelsByCity Method
2018-11-18-main-INFO -com.cg.hbms.dao.HotelDaoImpl:Inside getBookingStatus Method
2018-11-18-main-INFO -com.cg.hbms.dao.HotelDaoImpl:Inside getBookingDetails Method
2018-11-18-main-INFO -com.cg.hbms.dao.HotelDaoImpl:Inside getRegistered Method
2018-11-18-main-INFO -com.cg.hbms.dao.HotelDaoImpl:Inside getBookingList Method
2018-11-18-main-INFO -com.cg.hbms.dao.HotelDaoImpl:Inside changeRoomAvailability Method
2018-11-18-main-INFO -com.cg.hbms.dao.HotelDaoImpl:Inside getGuestList Method
2018-11-18-main-INFO -com.cg.hbms.dao.HotelDaoImpl:Inside changeStatus Method
2018-11-18-main-INFO -com.cg.hbms.dao.HotelDaoImpl:Inside deleteById Method
2018-11-18-main-INFO -com.cg.hbms.dao.HotelDaoImpl:Inside getAllHotels Method
2018-11-18-main-INFO -com.cg.hbms.dao.HotelDaoImpl:Inside modifyById Method
2018-11-18-main-INFO -com.cg.hbms.dao.HotelDaoImpl:Inside changeRoomAvailability Method
2018-11-18-main-INFO -com.cg.hbms.dao.HotelDaoImpl:Inside getBookingList Method
2018-11-18-main-INFO -com.cg.hbms.dao.HotelDaoImpl:Inside getRegistered Method
2018-11-18-main-INFO -com.cg.hbms.dao.HotelDaoImpl:Inside deleteRoomById Method
2018-11-18-main-INFO -com.cg.hbms.dao.HotelDaoImpl:Inside addBookingDetails Method
2018-11-18-main-INFO -com.cg.hbms.dao.HotelDaoImpl:Inside getAllHotelsByCity Method
2018-11-18-main-INFO -com.cg.hbms.dao.HotelDaoImpl:Inside addHotelDetails Method
2018-11-18-main-INFO -com.cg.hbms.dao.HotelDaoImpl:Inside getRoomDetails Method
2018-11-18-main-INFO -com.cg.hbms.dao.HotelDaoImpl:Inside getHotelDetails Method
2018-11-18-main-INFO -com.cg.hbms.dao.HotelDaoImpl:Inside getBookingStatus Method
2018-11-18-main-INFO -com.cg.hbms.dao.HotelDaoImpl:Inside getBookingDetails Method
2018-11-18-main-INFO -com.cg.hbms.dao.HotelDaoImpl:Inside addRoomDetails Method
2018-11-18-main-INFO -com.cg.hbms.dao.HotelDaoImpl:Inside getRoomDetails Method
2018-11-18-main-INFO -com.cg.hbms.dao.HotelDaoImpl:Inside getRole Method
2018-11-18-main-INFO -com.cg.hbms.dao.HotelDaoImpl:Inside getUserId Method
2018-11-18-main-INFO -com.cg.hbms.dao.HotelDaoImpl:Inside getGuestList Method
2018-11-18-main-INFO -com.cg.hbms.dao.HotelDaoImpl:Inside getAllHotels Method
2018-11-18-main-INFO -com.cg.hbms.dao.HotelDaoImpl:Inside changeStatus Method
2018-11-18-main-INFO -com.cg.hbms.dao.HotelDaoImpl:Inside deleteById Method
2018-11-18-main-INFO -com.cg.hbms.dao.HotelDaoImpl:Inside modifyById Method
2018-11-18-main-INFO -com.cg.hbms.dao.HotelDaoImpl:Inside getBookingList Method
2018-11-18-main-INFO -com.cg.hbms.dao.HotelDaoImpl:Inside changeRoomAvailability Method
2018-11-18-main-INFO -com.cg.hbms.dao.HotelDaoImpl:Inside getRegistered Method
2018-11-18-main-INFO -com.cg.hbms.dao.HotelDaoImpl:Inside getHotelDetails Method
2018-11-18-main-INFO -com.cg.hbms.dao.HotelDaoImpl:Inside getBookingStatus Method
2018-11-18-main-INFO -com.cg.hbms.dao.HotelDaoImpl:Inside getBookingDetails Method
2018-11-18-main-INFO -com.cg.hbms.dao.HotelDaoImpl:Inside deleteRoomById Method
2018-11-18-main-INFO -com.cg.hbms.dao.HotelDaoImpl:Inside addHotelDetails Method
2018-11-18-main-INFO -com.cg.hbms.dao.HotelDaoImpl:Inside addRoomDetails Method
2018-11-18-main-INFO -com.cg.hbms.dao.HotelDaoImpl:Inside getRoomDetails Method
2018-11-18-main-INFO -com.cg.hbms.dao.HotelDaoImpl:Inside getRoomDetails Method
2018-11-18-main-INFO -com.cg.hbms.dao.HotelDaoImpl:Inside getAllHotelsByCity Method
2018-11-18-main-INFO -com.cg.hbms.dao.HotelDaoImpl:Inside addBookingDetails Method
2018-11-18-main-INFO -com.cg.hbms.dao.HotelDaoImpl:Inside getRole Method
2018-11-18-main-INFO -com.cg.hbms.dao.HotelDaoImpl:Inside getUserId Method
2018-11-18-main-INFO -com.cg.hbms.dao.HotelDaoImpl:Inside getAllHotels Method
2018-11-18-main-INFO -com.cg.hbms.dao.HotelDaoImpl:Inside getGuestList Method
2018-11-18-main-INFO -com.cg.hbms.dao.HotelDaoImpl:Inside changeStatus Method
2018-11-18-main-INFO -com.cg.hbms.dao.HotelDaoImpl:Inside deleteById Method
2018-11-18-main-INFO -com.cg.hbms.dao.HotelDaoImpl:Inside modifyById Method
2018-11-18-main-INFO -com.cg.hbms.dao.HotelDaoImpl:Inside getBookingList Method
2018-11-18-main-INFO -com.cg.hbms.dao.HotelDaoImpl:Inside changeRoomAvailability Method
2018-11-18-main-INFO -com.cg.hbms.dao.HotelDaoImpl:Inside getRegistered Method
2018-11-18-main-INFO -com.cg.hbms.dao.HotelDaoImpl:Inside addHotelDetails Method
2018-11-18-main-INFO -com.cg.hbms.dao.HotelDaoImpl:Inside getHotelDetails Method
2018-11-18-main-INFO -com.cg.hbms.dao.HotelDaoImpl:Inside addRoomDetails Method
2018-11-18-main-INFO -com.cg.hbms.dao.HotelDaoImpl:Inside getRoomDetails Method
2018-11-18-main-INFO -com.cg.hbms.dao.HotelDaoImpl:Inside deleteRoomById Method
2018-11-18-main-INFO -com.cg.hbms.dao.HotelDaoImpl:Inside addBookingDetails Method
2018-11-18-main-INFO -com.cg.hbms.dao.HotelDaoImpl:Inside getAllHotelsByCity Method
2018-11-18-main-INFO -com.cg.hbms.dao.HotelDaoImpl:Inside getRoomDetails Method
2018-11-18-main-INFO -com.cg.hbms.dao.HotelDaoImpl:Inside getBookingStatus Method
2018-11-18-main-INFO -com.cg.hbms.dao.HotelDaoImpl:Inside getBookingDetails Method
2018-11-18-main-INFO -com.cg.hbms.dao.HotelDaoImpl:Inside getRole Method
2018-11-18-main-INFO -com.cg.hbms.dao.HotelDaoImpl:Inside getUserId Method
2018-11-18-main-INFO -com.cg.hbms.dao.HotelDaoImpl:Inside deleteById Method
2018-11-18-main-INFO -com.cg.hbms.dao.HotelDaoImpl:Inside changeStatus Method
2018-11-18-main-INFO -com.cg.hbms.dao.HotelDaoImpl:Inside modifyById Method
2018-11-18-main-INFO -com.cg.hbms.dao.HotelDaoImpl:Inside getGuestList Method
2018-11-18-main-INFO -com.cg.hbms.dao.HotelDaoImpl:Inside getAllHotels Method
2018-11-18-main-INFO -com.cg.hbms.dao.HotelDaoImpl:Inside getRole Method
2018-11-18-main-INFO -com.cg.hbms.dao.HotelDaoImpl:Inside getUserId Method
2018-11-18-main-INFO -com.cg.hbms.dao.HotelDaoImpl:Inside getRegistered Method
2018-11-18-main-INFO -com.cg.hbms.dao.HotelDaoImpl:Inside getHotelDetails Method
2018-11-18-main-INFO -com.cg.hbms.dao.HotelDaoImpl:Inside addBookingDetails Method
2018-11-18-main-INFO -com.cg.hbms.dao.HotelDaoImpl:Inside deleteRoomById Method
2018-11-18-main-INFO -com.cg.hbms.dao.HotelDaoImpl:Inside getBookingStatus Method
2018-11-18-main-INFO -com.cg.hbms.dao.HotelDaoImpl:Inside getAllHotelsByCity Method
2018-11-18-main-INFO -com.cg.hbms.dao.HotelDaoImpl:Inside getBookingDetails Method
2018-11-18-main-INFO -com.cg.hbms.dao.HotelDaoImpl:Inside getRoomDetails Method
2018-11-18-main-INFO -com.cg.hbms.dao.HotelDaoImpl:Inside getRoomDetails Method
2018-11-18-main-INFO -com.cg.hbms.dao.HotelDaoImpl:Inside addHotelDetails Method
2018-11-18-main-INFO -com.cg.hbms.dao.HotelDaoImpl:Inside addRoomDetails Method
2018-11-18-main-INFO -com.cg.hbms.dao.HotelDaoImpl:Inside getBookingList Method
2018-11-18-main-INFO -com.cg.hbms.dao.HotelDaoImpl:Inside changeRoomAvailability Method
2018-11-18-main-INFO -com.cg.hbms.dao.HotelDaoImpl:Inside changeStatus Method
2018-11-18-main-INFO -com.cg.hbms.dao.HotelDaoImpl:Inside modifyById Method
2018-11-18-main-INFO -com.cg.hbms.dao.HotelDaoImpl:Inside deleteById Method
2018-11-18-main-INFO -com.cg.hbms.dao.HotelDaoImpl:Inside getAllHotels Method
2018-11-18-main-INFO -com.cg.hbms.dao.HotelDaoImpl:Inside getGuestList Method
2018-11-18-main-INFO -com.cg.hbms.dao.HotelDaoImpl:Inside getBookingList Method
2018-11-18-main-INFO -com.cg.hbms.dao.HotelDaoImpl:Inside changeRoomAvailability Method
2018-11-18-main-INFO -com.cg.hbms.dao.HotelDaoImpl:Inside getRegistered Method
2018-11-18-main-INFO -com.cg.hbms.dao.HotelDaoImpl:Inside getHotelDetails Method
2018-11-18-main-INFO -com.cg.hbms.dao.HotelDaoImpl:Inside getRoomDetails Method
2018-11-18-main-INFO -com.cg.hbms.dao.HotelDaoImpl:Inside getRoomDetails Method
2018-11-18-main-INFO -com.cg.hbms.dao.HotelDaoImpl:Inside addBookingDetails Method
2018-11-18-main-INFO -com.cg.hbms.dao.HotelDaoImpl:Inside getBookingDetails Method
2018-11-18-main-INFO -com.cg.hbms.dao.HotelDaoImpl:Inside addHotelDetails Method
2018-11-18-main-INFO -com.cg.hbms.dao.HotelDaoImpl:Inside deleteRoomById Method
2018-11-18-main-INFO -com.cg.hbms.dao.HotelDaoImpl:Inside getAllHotelsByCity Method
2018-11-18-main-INFO -com.cg.hbms.dao.HotelDaoImpl:Inside getBookingStatus Method
2018-11-18-main-INFO -com.cg.hbms.dao.HotelDaoImpl:Inside addRoomDetails Method
2018-11-18-main-INFO -com.cg.hbms.dao.HotelDaoImpl:Inside getRole Method
2018-11-18-main-INFO -com.cg.hbms.dao.HotelDaoImpl:Inside getUserId Method
2018-11-18-main-INFO -com.cg.hbms.dao.HotelDaoImpl:Inside deleteById Method
2018-11-18-main-INFO -com.cg.hbms.dao.HotelDaoImpl:Inside modifyById Method
2018-11-18-main-INFO -com.cg.hbms.dao.HotelDaoImpl:Inside getAllHotels Method
2018-11-18-main-INFO -com.cg.hbms.dao.HotelDaoImpl:Inside getGuestList Method
2018-11-18-main-INFO -com.cg.hbms.dao.HotelDaoImpl:Inside changeStatus Method
2018-11-18-main-INFO -com.cg.hbms.dao.HotelDaoImpl:Inside getUserId Method
2018-11-18-main-INFO -com.cg.hbms.dao.HotelDaoImpl:Inside getRole Method
2018-11-18-main-INFO -com.cg.hbms.dao.HotelDaoImpl:Inside getRegistered Method
2018-11-18-main-INFO -com.cg.hbms.dao.HotelDaoImpl:Inside addBookingDetails Method
2018-11-18-main-INFO -com.cg.hbms.dao.HotelDaoImpl:Inside getRoomDetails Method
2018-11-18-main-INFO -com.cg.hbms.dao.HotelDaoImpl:Inside getAllHotelsByCity Method
2018-11-18-main-INFO -com.cg.hbms.dao.HotelDaoImpl:Inside getRoomDetails Method
2018-11-18-main-INFO -com.cg.hbms.dao.HotelDaoImpl:Inside addHotelDetails Method
2018-11-18-main-INFO -com.cg.hbms.dao.HotelDaoImpl:Inside addRoomDetails Method
2018-11-18-main-INFO -com.cg.hbms.dao.HotelDaoImpl:Inside deleteRoomById Method
2018-11-18-main-INFO -com.cg.hbms.dao.HotelDaoImpl:Inside getHotelDetails Method
2018-11-18-main-INFO -com.cg.hbms.dao.HotelDaoImpl:Inside getBookingStatus Method
2018-11-18-main-INFO -com.cg.hbms.dao.HotelDaoImpl:Inside getBookingDetails Method
2018-11-18-main-INFO -com.cg.hbms.dao.HotelDaoImpl:Inside getBookingList Method
2018-11-18-main-INFO -com.cg.hbms.dao.HotelDaoImpl:Inside changeRoomAvailability Method
2018-11-18-main-INFO -com.cg.hbms.dao.HotelDaoImpl:Inside modifyById Method
2018-11-18-main-INFO -com.cg.hbms.dao.HotelDaoImpl:Inside changeStatus Method
2018-11-18-main-INFO -com.cg.hbms.dao.HotelDaoImpl:Inside getGuestList Method
2018-11-18-main-INFO -com.cg.hbms.dao.HotelDaoImpl:Inside deleteById Method
2018-11-18-main-INFO -com.cg.hbms.dao.HotelDaoImpl:Inside getAllHotels Method
2018-11-18-main-INFO -com.cg.hbms.dao.HotelDaoImpl:Inside getRegistered Method
2018-11-18-main-INFO -com.cg.hbms.dao.HotelDaoImpl:Inside addBookingDetails Method
2018-11-18-main-INFO -com.cg.hbms.dao.HotelDaoImpl:Inside getRoomDetails Method
2018-11-18-main-INFO -com.cg.hbms.dao.HotelDaoImpl:Inside getAllHotelsByCity Method
2018-11-18-main-INFO -com.cg.hbms.dao.HotelDaoImpl:Inside getHotelDetails Method
2018-11-18-main-INFO -com.cg.hbms.dao.HotelDaoImpl:Inside getRoomDetails Method
2018-11-18-main-INFO -com.cg.hbms.dao.HotelDaoImpl:Inside addRoomDetails Method
2018-11-18-main-INFO -com.cg.hbms.dao.HotelDaoImpl:Inside addHotelDetails Method
2018-11-18-main-INFO -com.cg.hbms.dao.HotelDaoImpl:Inside deleteRoomById Method
2018-11-18-main-INFO -com.cg.hbms.dao.HotelDaoImpl:Inside getRole Method
2018-11-18-main-INFO -com.cg.hbms.dao.HotelDaoImpl:Inside getUserId Method
2018-11-18-main-INFO -com.cg.hbms.dao.HotelDaoImpl:Inside getHotelDetails Method
2018-11-18-main-INFO -com.cg.hbms.dao.HotelDaoImpl:Inside addRoomDetails Method
2018-11-18-main-INFO -com.cg.hbms.dao.HotelDaoImpl:Inside getRole Method
2018-11-18-main-INFO -com.cg.hbms.dao.HotelDaoImpl:Inside getUserId Method
2018-11-18-main-INFO -com.cg.hbms.dao.HotelDaoImpl:Inside getRegistered Method
2018-11-18-main-INFO -com.cg.hbms.dao.HotelDaoImpl:Inside deleteRoomById Method
2018-11-18-main-INFO -com.cg.hbms.dao.HotelDaoImpl:Inside addHotelDetails Method
2018-11-18-main-INFO -com.cg.hbms.dao.HotelDaoImpl:Inside addBookingDetails Method
2018-11-18-main-INFO -com.cg.hbms.dao.HotelDaoImpl:Inside getAllHotelsByCity Method
2018-11-18-main-INFO -com.cg.hbms.dao.HotelDaoImpl:Inside getBookingStatus Method
2018-11-18-main-INFO -com.cg.hbms.dao.HotelDaoImpl:Inside getRoomDetails Method
2018-11-18-main-INFO -com.cg.hbms.dao.HotelDaoImpl:Inside getBookingDetails Method
2018-11-18-main-INFO -com.cg.hbms.dao.HotelDaoImpl:Inside getHotelDetails Method
2018-11-18-main-INFO -com.cg.hbms.dao.HotelDaoImpl:Inside addRoomDetails Method
2018-11-18-main-INFO -com.cg.hbms.dao.HotelDaoImpl:Inside getRoomDetails Method
2018-11-18-main-INFO -com.cg.hbms.dao.HotelDaoImpl:Inside getBookingList Method
2018-11-18-main-INFO -com.cg.hbms.dao.HotelDaoImpl:Inside changeRoomAvailability Method
2018-11-18-main-INFO -com.cg.hbms.dao.HotelDaoImpl:Inside modifyById Method
2018-11-18-main-INFO -com.cg.hbms.dao.HotelDaoImpl:Inside changeStatus Method
2018-11-18-main-INFO -com.cg.hbms.dao.HotelDaoImpl:Inside getAllHotels Method
2018-11-18-main-INFO -com.cg.hbms.dao.HotelDaoImpl:Inside deleteById Method
2018-11-18-main-INFO -com.cg.hbms.dao.HotelDaoImpl:Inside getGuestList Method
2018-11-18-main-INFO -com.cg.hbms.dao.HotelDaoImpl:Inside getBookingList Method
2018-11-18-main-INFO -com.cg.hbms.dao.HotelDaoImpl:Inside changeRoomAvailability Method
2018-11-18-main-INFO -com.cg.hbms.dao.HotelDaoImpl:Inside getRegistered Method
2018-11-18-main-INFO -com.cg.hbms.dao.HotelDaoImpl:Inside addBookingDetails Method
2018-11-18-main-INFO -com.cg.hbms.dao.HotelDaoImpl:Inside getHotelDetails Method
2018-11-18-main-INFO -com.cg.hbms.dao.HotelDaoImpl:Inside getBookingStatus Method
2018-11-18-main-INFO -com.cg.hbms.dao.HotelDaoImpl:Inside getAllHotelsByCity Method
2018-11-18-main-INFO -com.cg.hbms.dao.HotelDaoImpl:Inside getBookingDetails Method
2018-11-18-main-INFO -com.cg.hbms.dao.HotelDaoImpl:Inside addHotelDetails Method
2018-11-18-main-INFO -com.cg.hbms.dao.HotelDaoImpl:Inside addRoomDetails Method
2018-11-18-main-INFO -com.cg.hbms.dao.HotelDaoImpl:Inside getRoomDetails Method
2018-11-18-main-INFO -com.cg.hbms.dao.HotelDaoImpl:Inside deleteRoomById Method
2018-11-18-main-INFO -com.cg.hbms.dao.HotelDaoImpl:Inside getRoomDetails Method
2018-11-18-main-INFO -com.cg.hbms.dao.HotelDaoImpl:Inside getUserId Method
2018-11-18-main-INFO -com.cg.hbms.dao.HotelDaoImpl:Inside getRole Method
2018-11-18-main-INFO -com.cg.hbms.dao.HotelDaoImpl:Inside changeStatus Method
2018-11-18-main-INFO -com.cg.hbms.dao.HotelDaoImpl:Inside getAllHotels Method
2018-11-18-main-INFO -com.cg.hbms.dao.HotelDaoImpl:Inside deleteById Method
2018-11-18-main-INFO -com.cg.hbms.dao.HotelDaoImpl:Inside modifyById Method
2018-11-18-main-INFO -com.cg.hbms.dao.HotelDaoImpl:Inside getGuestList Method
2018-11-18-main-INFO -com.cg.hbms.dao.HotelDaoImpl:Inside getRole Method
2018-11-18-main-INFO -com.cg.hbms.dao.HotelDaoImpl:Inside getUserId Method
2018-11-18-main-INFO -com.cg.hbms.presentation.AdminConsole:Inside Admin Console
2018-11-18-main-INFO -com.cg.hbms.presentation.AdminConsole:Inside Hotel Management Menu
2018-11-18-main-INFO -com.cg.hbms.presentation.AdminConsole:In Add Hotel Details Case
2018-11-18-main-INFO -com.cg.hbms.service.HotelServiceImpl:Inside hotelValidation Method
2018-11-18-main-ERROR-com.cg.hbms.service.HotelServiceImpl:Validation of  Hotel is Unsuccessfull
2018-11-18-main-INFO -com.cg.hbms.dao.HotelDaoImpl:Inside getRole Method
2018-11-18-main-INFO -com.cg.hbms.dao.HotelDaoImpl:Inside getUserId Method
2018-11-18-main-INFO -com.cg.hbms.presentation.AdminConsole:Inside Admin Console
2018-11-18-main-INFO -com.cg.hbms.presentation.AdminConsole:Inside Hotel Management Menu
2018-11-18-main-INFO -com.cg.hbms.presentation.AdminConsole:In Add Hotel Details Case
2018-11-18-main-INFO -com.cg.hbms.service.HotelServiceImpl:Inside hotelValidation Method
2018-11-18-main-INFO -com.cg.hbms.dao.HotelDaoImpl:Inside addHotelDetails Method
2018-11-18-main-INFO -com.cg.hbms.dao.HotelDaoImpl:Inside changeRoomAvailability Method
2018-11-18-main-INFO -com.cg.hbms.dao.HotelDaoImpl:Inside getBookingList Method
2018-11-18-main-INFO -com.cg.hbms.dao.HotelDaoImpl:Inside getRegistered Method
2018-11-18-main-INFO -com.cg.hbms.dao.HotelDaoImpl:Inside getBookingDetails Method
2018-11-18-main-INFO -com.cg.hbms.dao.HotelDaoImpl:Inside getRoomDetails Method
2018-11-18-main-INFO -com.cg.hbms.dao.HotelDaoImpl:Inside addHotelDetails Method
2018-11-18-main-INFO -com.cg.hbms.dao.HotelDaoImpl:Inside getRoomDetails Method
2018-11-18-main-INFO -com.cg.hbms.dao.HotelDaoImpl:Inside getAllHotelsByCity Method
2018-11-18-main-INFO -com.cg.hbms.dao.HotelDaoImpl:Inside addRoomDetails Method
2018-11-18-main-INFO -com.cg.hbms.dao.HotelDaoImpl:Inside getHotelDetails Method
2018-11-18-main-INFO -com.cg.hbms.dao.HotelDaoImpl:Inside deleteRoomById Method
2018-11-18-main-INFO -com.cg.hbms.dao.HotelDaoImpl:Inside addBookingDetails Method
2018-11-18-main-INFO -com.cg.hbms.dao.HotelDaoImpl:Inside getBookingStatus Method
2018-11-18-main-INFO -com.cg.hbms.dao.HotelDaoImpl:Inside getUserId Method
2018-11-18-main-INFO -com.cg.hbms.dao.HotelDaoImpl:Inside getRole Method
2018-11-18-main-INFO -com.cg.hbms.dao.HotelDaoImpl:Inside getGuestList Method
2018-11-18-main-INFO -com.cg.hbms.dao.HotelDaoImpl:Inside modifyById Method
2018-11-18-main-INFO -com.cg.hbms.dao.HotelDaoImpl:Inside changeStatus Method
2018-11-18-main-INFO -com.cg.hbms.dao.HotelDaoImpl:Inside deleteById Method
2018-11-18-main-INFO -com.cg.hbms.dao.HotelDaoImpl:Inside getAllHotels Method
2018-11-18-main-INFO -com.cg.hbms.dao.HotelDaoImpl:Inside getRole Method
2018-11-18-main-INFO -com.cg.hbms.dao.HotelDaoImpl:Inside getUserId Method
2018-11-18-main-INFO -com.cg.hbms.presentation.AdminConsole:Inside Admin Console
2018-11-18-main-INFO -com.cg.hbms.presentation.AdminConsole:Inside Hotel Management Menu
2018-11-18-main-INFO -com.cg.hbms.presentation.AdminConsole:In Add Hotel Details Case
2018-11-18-main-INFO -com.cg.hbms.service.HotelServiceImpl:Inside hotelValidation Method
2018-11-18-main-INFO -com.cg.hbms.dao.HotelDaoImpl:Inside addHotelDetails Method
2018-11-18-main-INFO -com.cg.hbms.dao.HotelDaoImpl:Inside getRole Method
2018-11-18-main-INFO -com.cg.hbms.dao.HotelDaoImpl:Inside getUserId Method
2018-11-18-main-INFO -com.cg.hbms.dao.HotelDaoImpl:Inside getRegistered Method
2018-11-18-main-INFO -com.cg.hbms.dao.HotelDaoImpl:Inside getHotelDetails Method
2018-11-18-main-INFO -com.cg.hbms.dao.HotelDaoImpl:Inside getBookingStatus Method
2018-11-18-main-INFO -com.cg.hbms.dao.HotelDaoImpl:Inside getBookingDetails Method
2018-11-18-main-INFO -com.cg.hbms.dao.HotelDaoImpl:Inside getAllHotelsByCity Method
2018-11-18-main-INFO -com.cg.hbms.dao.HotelDaoImpl:Inside addHotelDetails Method
2018-11-18-main-INFO -com.cg.hbms.dao.HotelDaoImpl:Inside addRoomDetails Method
2018-11-18-main-INFO -com.cg.hbms.dao.HotelDaoImpl:Inside getRoomDetails Method
2018-11-18-main-INFO -com.cg.hbms.dao.HotelDaoImpl:Inside deleteRoomById Method
2018-11-18-main-INFO -com.cg.hbms.dao.HotelDaoImpl:Inside getRoomDetails Method
2018-11-18-main-INFO -com.cg.hbms.dao.HotelDaoImpl:Inside addBookingDetails Method
2018-11-18-main-INFO -com.cg.hbms.dao.HotelDaoImpl:Inside getBookingList Method
2018-11-18-main-INFO -com.cg.hbms.dao.HotelDaoImpl:Inside changeRoomAvailability Method
2018-11-18-main-INFO -com.cg.hbms.dao.HotelDaoImpl:Inside deleteById Method
2018-11-18-main-INFO -com.cg.hbms.dao.HotelDaoImpl:Inside changeStatus Method
2018-11-18-main-INFO -com.cg.hbms.dao.HotelDaoImpl:Inside getAllHotels Method
2018-11-18-main-INFO -com.cg.hbms.dao.HotelDaoImpl:Inside getGuestList Method
2018-11-18-main-INFO -com.cg.hbms.dao.HotelDaoImpl:Inside modifyById Method
